app/build/outputs/logs/manifest-merger-debug-report.txt
-- Merging decision tree log ---
manifest
ADDED from src\main\AndroidManifest.xml:2:1-43:12
	package
		ADDED from src\main\AndroidManifest.xml:3:7-35
		INJECTED from src\main\AndroidManifest.xml
		INJECTED from src\main\AndroidManifest.xml
	android:versionName
		ADDED from src\main\AndroidManifest.xml:5:7-32
		INJECTED from src\main\AndroidManifest.xml
		INJECTED from src\main\AndroidManifest.xml
	android:versionCode
		ADDED from src\main\AndroidManifest.xml:4:7-30
		INJECTED from src\main\AndroidManifest.xml
		INJECTED from src\main\AndroidManifest.xml
	xmlns:android
		ADDED from src\main\AndroidManifest.xml:2:11-69
uses-sdk
ADDED from src\main\AndroidManifest.xml:6:5-43
	android:targetSdkVersion
		INJECTED from src\main\AndroidManifest.xml
		INJECTED from src\main\AndroidManifest.xml
	android:minSdkVersion
		ADDED from src\main\AndroidManifest.xml:6:15-40
		INJECTED from src\main\AndroidManifest.xml
		INJECTED from src\main\AndroidManifest.xml
uses-permission#android.permission.HARDWARE_TEST
ADDED from src\main\AndroidManifest.xml:8:5-72
	android:name
		ADDED from src\main\AndroidManifest.xml:8:22-69
uses-permission#android.permission.WAKE_LOCK
ADDED from src\main\AndroidManifest.xml:9:5-68
	android:name
		ADDED from src\main\AndroidManifest.xml:9:22-65
application
ADDED from src\main\AndroidManifest.xml:11:5-41:19
	android:label
		ADDED from src\main\AndroidManifest.xml:11:48-80
	android:icon
		ADDED from src\main\AndroidManifest.xml:11:18-47
receiver#com.widgetShutDown.WidgetShutDown
ADDED from src\main\AndroidManifest.xml:13:9-18:14
	android:label
		ADDED from src\main\AndroidManifest.xml:13:50-74
	android:name
		ADDED from src\main\AndroidManifest.xml:13:19-49
intent-filter#android.appwidget.action.APPWIDGET_UPDATE
ADDED from src\main\AndroidManifest.xml:14:4-16:20
action#android.appwidget.action.APPWIDGET_UPDATE
ADDED from src\main\AndroidManifest.xml:15:5-72
	android:name
		ADDED from src\main\AndroidManifest.xml:15:13-69
meta-data#android.appwidget.provider
ADDED from src\main\AndroidManifest.xml:17:4-89
	android:resource
		ADDED from src\main\AndroidManifest.xml:17:57-87
	android:name
		ADDED from src\main\AndroidManifest.xml:17:15-56
activity#com.widgetShutDown.Restart
ADDED from src\main\AndroidManifest.xml:20:6-25:20
	android:name
		ADDED from src\main\AndroidManifest.xml:20:16-39
intent-filter#android.intent.category.DEFAULT+com.restart
ADDED from src\main\AndroidManifest.xml:21:13-24:29
action#com.restart
ADDED from src\main\AndroidManifest.xml:22:17-54
	android:name
		ADDED from src\main\AndroidManifest.xml:22:25-51
category#android.intent.category.DEFAULT
ADDED from src\main\AndroidManifest.xml:23:17-76
	android:name
		ADDED from src\main\AndroidManifest.xml:23:27-73
activity#com.widgetShutDown.Shutdown
ADDED from src\main\AndroidManifest.xml:27:6-32:20
	android:name
		ADDED from src\main\AndroidManifest.xml:27:16-40
intent-filter#android.intent.category.DEFAULT+com.shutdown
ADDED from src\main\AndroidManifest.xml:28:13-31:29
action#com.shutdown
ADDED from src\main\AndroidManifest.xml:29:17-55
	android:name
		ADDED from src\main\AndroidManifest.xml:29:25-52
activity#com.widgetShutDown.ScreenOff
ADDED from src\main\AndroidManifest.xml:34:6-39:20
	android:name
		ADDED from src\main\AndroidManifest.xml:34:16-41
intent-filter#android.intent.category.DEFAULT+com.screenOff
ADDED from src\main\AndroidManifest.xml:35:13-38:29
action#com.screenOff
ADDED from src\main\AndroidManifest.xml:36:17-56
	android:name
		ADDED from src\main\AndroidManifest.xml:36:25-53